13:38:49 INFO  : Registering command handlers for SDK TCF services
13:38:49 INFO  : Launching XSCT server: xsct.bat -interactive C:\Users\shlab_89\lab1\lab1.sdk\temp_xsdb_launch_script.tcl
13:38:51 INFO  : XSCT server has started successfully.
13:38:52 INFO  : Successfully done setting XSCT server connection channel  
13:38:52 INFO  : Successfully done setting SDK workspace  
13:38:52 INFO  : Processing command line option -hwspec C:/Users/shlab_89/lab1/lab1.sdk/lab1_wrapper.hdf.
13:40:59 INFO  : ps7_init is completed.
13:40:59 INFO  : ps7_post_config is completed.
13:41:00 INFO  : Processor reset is completed for ps7_cortexa9_0
13:41:57 INFO  : No changes in MSS file content so not generating sources.
13:43:24 INFO  : Processor reset is completed for ps7_cortexa9_0
13:46:54 INFO  : Refreshed build settings on project find_motion
13:47:35 INFO  : Refreshed build settings on project find_motion
13:51:22 INFO  : Processor reset is completed for ps7_cortexa9_0
13:54:31 INFO  : ps7_cortexa9_0 Processor is in use. Please stop existing Run or Debug sessions before launching.
13:58:02 INFO  : ps7_cortexa9_0 Processor is in use. Please stop existing Run or Debug sessions before launching.
13:59:03 INFO  : Time out for XMD transaction is 60000
If you want to increase the timeout value, goto Windows-> Preferences -> Xilinx SDK -> XMD Startup
13:59:03 ERROR : Timeout occured while waiting to get reply for command "source C:/Users/shlab_89/lab1/lab1.sdk/lab1_wrapper_hw_platform_0/ps7_init.tcl"
13:59:03 ERROR : Unexpected error while launching program.
java.lang.RuntimeException: Error while sourcing C:/Users/shlab_89/lab1/lab1.sdk/lab1_wrapper_hw_platform_0/ps7_init.tcl : 
	at com.xilinx.sdk.targetmanager.internal.TM.sourceTcl(TM.java:1021)
	at com.xilinx.sdk.debug.core.XilinxAppLaunchConfigurationDelegate.runTargetSetup(XilinxAppLaunchConfigurationDelegate.java:441)
	at com.xilinx.sdk.debug.core.XilinxAppLaunchConfigurationDelegate.runApplication(XilinxAppLaunchConfigurationDelegate.java:616)
	at com.xilinx.sdk.debug.core.XilinxAppLaunchConfigurationDelegate.launch(XilinxAppLaunchConfigurationDelegate.java:309)
	at com.xilinx.sdk.debug.ui.XilinxAppLaunchDelegateWrapper.launch(XilinxAppLaunchDelegateWrapper.java:31)
	at org.eclipse.debug.internal.core.LaunchConfiguration.launch(LaunchConfiguration.java:885)
	at org.eclipse.debug.internal.core.LaunchConfiguration.launch(LaunchConfiguration.java:739)
	at org.eclipse.debug.internal.ui.DebugUIPlugin.buildAndLaunch(DebugUIPlugin.java:1039)
	at org.eclipse.debug.internal.ui.DebugUIPlugin$8.run(DebugUIPlugin.java:1256)
	at org.eclipse.core.internal.jobs.Worker.run(Worker.java:55)
13:59:42 INFO  : Processor reset is completed for ps7_cortexa9_0
14:00:52 INFO  : ps7_cortexa9_0 Processor is in use. Please stop existing Run or Debug sessions before launching.
14:00:59 ERROR : Unexpected error while fetching XMD's response: 
java.net.SocketException: Connection reset
	at java.net.SocketInputStream.read(SocketInputStream.java:209)
	at java.net.SocketInputStream.read(SocketInputStream.java:141)
	at sun.nio.cs.StreamDecoder.readBytes(StreamDecoder.java:284)
	at sun.nio.cs.StreamDecoder.implRead(StreamDecoder.java:326)
	at sun.nio.cs.StreamDecoder.read(StreamDecoder.java:178)
	at java.io.InputStreamReader.read(InputStreamReader.java:184)
	at java.io.BufferedReader.fill(BufferedReader.java:161)
	at java.io.BufferedReader.read(BufferedReader.java:182)
	at com.xilinx.sdk.targetmanager.internal.json.XMDJSONProcess$CommandResultsReader.run(XMDJSONProcess.java:332)
	at java.lang.Thread.run(Thread.java:745)
14:00:59 ERROR : Zero sized response read from XMD. This indicates a communication error or a programming error.
14:01:53 INFO  : Time out for XMD transaction is 60000
If you want to increase the timeout value, goto Windows-> Preferences -> Xilinx SDK -> XMD Startup
14:01:53 ERROR : Timeout occured while waiting to get reply for command "xprofile 64 -o C:/Users/shlab_89/lab1/lab1.sdk/find_motion/Debug/gmon.out"
14:01:53 ERROR : Unexpected error while issuing command {"command": "xdisconnect 64"} to XMD: java.net.SocketException: Connection reset by peer: socket write error
14:01:53 ERROR : Disconnect target failed.
14:01:53 INFO  : Time out for XMD transaction is 60000
If you want to increase the timeout value, goto Windows-> Preferences -> Xilinx SDK -> XMD Startup
14:01:53 ERROR : Timeout occured while waiting to get reply for command "xzynqresetstatus 64"
14:01:53 ERROR : Unexpected error while issuing command {"command": "ps7_init"} to XMD: java.net.SocketException: Connection reset by peer: socket write error
14:01:53 ERROR : Unexpected error while launching program.
java.lang.RuntimeException: Error while running ps7_init method.

	at com.xilinx.sdk.targetmanager.internal.TM.run_ps7_init(TM.java:1089)
	at com.xilinx.sdk.debug.core.XilinxAppLaunchConfigurationDelegate.runTargetSetup(XilinxAppLaunchConfigurationDelegate.java:514)
	at com.xilinx.sdk.debug.core.XilinxAppLaunchConfigurationDelegate.runApplication(XilinxAppLaunchConfigurationDelegate.java:616)
	at com.xilinx.sdk.debug.core.XilinxAppLaunchConfigurationDelegate.launch(XilinxAppLaunchConfigurationDelegate.java:309)
	at com.xilinx.sdk.debug.ui.XilinxAppLaunchDelegateWrapper.launch(XilinxAppLaunchDelegateWrapper.java:31)
	at org.eclipse.debug.internal.core.LaunchConfiguration.launch(LaunchConfiguration.java:885)
	at org.eclipse.debug.internal.core.LaunchConfiguration.launch(LaunchConfiguration.java:739)
	at org.eclipse.debug.internal.ui.DebugUIPlugin.buildAndLaunch(DebugUIPlugin.java:1039)
	at org.eclipse.debug.internal.ui.DebugUIPlugin$8.run(DebugUIPlugin.java:1256)
	at org.eclipse.core.internal.jobs.Worker.run(Worker.java:55)
14:01:53 ERROR : Unexpected error while issuing command {"command": "xdisconnect 64"} to XMD: java.net.SocketException: Connection reset by peer: socket write error
14:01:53 ERROR : Disconnect target failed.
14:02:01 ERROR : Unexpected error while issuing command {"command": "xdisconnect 64"} to XMD: java.net.SocketException: Connection reset by peer: socket write error
14:02:01 ERROR : Disconnect target failed.
14:02:01 ERROR : Unable to disconnect from existing targets
java.lang.RuntimeException: 
	at com.xilinx.sdk.targetmanager.internal.TM.disconnectTarget(TM.java:329)
	at com.xilinx.sdk.targetmanager.internal.TM.disconnectExistingTargets(TM.java:308)
	at com.xilinx.sdk.targetmanager.internal.TM.terminate(TM.java:212)
	at com.xilinx.sdk.targetmanager.TMPlugin.stop(TMPlugin.java:58)
	at org.eclipse.osgi.internal.framework.BundleContextImpl$4.run(BundleContextImpl.java:827)
	at org.eclipse.osgi.internal.framework.BundleContextImpl$4.run(BundleContextImpl.java:1)
	at java.security.AccessController.doPrivileged(Native Method)
	at org.eclipse.osgi.internal.framework.BundleContextImpl.stop(BundleContextImpl.java:820)
	at org.eclipse.osgi.internal.framework.EquinoxBundle.stopWorker0(EquinoxBundle.java:955)
	at org.eclipse.osgi.internal.framework.EquinoxBundle$EquinoxModule.stopWorker(EquinoxBundle.java:323)
	at org.eclipse.osgi.container.Module.doStop(Module.java:626)
	at org.eclipse.osgi.container.Module.stop(Module.java:488)
	at org.eclipse.osgi.container.ModuleContainer$ContainerStartLevel.decStartLevel(ModuleContainer.java:1623)
	at org.eclipse.osgi.container.ModuleContainer$ContainerStartLevel.doContainerStartLevel(ModuleContainer.java:1542)
	at org.eclipse.osgi.container.SystemModule.stopWorker(SystemModule.java:248)
	at org.eclipse.osgi.internal.framework.EquinoxBundle$SystemBundle$EquinoxSystemModule.stopWorker(EquinoxBundle.java:144)
	at org.eclipse.osgi.container.Module.doStop(Module.java:626)
	at org.eclipse.osgi.container.Module.stop(Module.java:488)
	at org.eclipse.osgi.container.SystemModule.stop(SystemModule.java:186)
	at org.eclipse.osgi.internal.framework.EquinoxBundle$SystemBundle$EquinoxSystemModule$1.run(EquinoxBundle.java:159)
	at java.lang.Thread.run(Thread.java:745)
14:02:28 INFO  : Launching XSCT server: xsct.bat -interactive C:\Users\shlab_89\lab1\lab1.sdk\temp_xsdb_launch_script.tcl
14:02:29 INFO  : XSCT server has started successfully.
14:02:32 INFO  : Successfully done setting XSCT server connection channel  
14:02:32 INFO  : Successfully done setting SDK workspace  
14:02:34 INFO  : Registering command handlers for SDK TCF services
14:02:35 INFO  : Processing command line option -hwspec C:/Users/shlab_89/lab1/lab1.sdk/lab1_wrapper.hdf.
14:02:35 INFO  : Checking for hwspec changes in the project lab1_wrapper_hw_platform_0.
14:03:21 INFO  : Processor reset is completed for ps7_cortexa9_0
14:03:36 INFO  : Connected to target on host '127.0.0.1' and port '3121'.
14:03:36 INFO  : 'targets -set -filter {jtag_cable_name =~ "Digilent Zed 210248774728" && level==0} -index 1' command is executed.
14:03:38 INFO  : FPGA configured successfully with bitstream "C:/Users/shlab_89/lab1/lab1.sdk/lab1_wrapper_hw_platform_0/lab1_wrapper.bit"
14:03:54 INFO  : ps7_cortexa9_0 Processor is in use. Please stop existing Run or Debug sessions before launching.
14:04:01 ERROR : Unexpected error while fetching XMD's response: 
java.net.SocketException: Connection reset
	at java.net.SocketInputStream.read(SocketInputStream.java:209)
	at java.net.SocketInputStream.read(SocketInputStream.java:141)
	at sun.nio.cs.StreamDecoder.readBytes(StreamDecoder.java:284)
	at sun.nio.cs.StreamDecoder.implRead(StreamDecoder.java:326)
	at sun.nio.cs.StreamDecoder.read(StreamDecoder.java:178)
	at java.io.InputStreamReader.read(InputStreamReader.java:184)
	at java.io.BufferedReader.fill(BufferedReader.java:161)
	at java.io.BufferedReader.read(BufferedReader.java:182)
	at com.xilinx.sdk.targetmanager.internal.json.XMDJSONProcess$CommandResultsReader.run(XMDJSONProcess.java:332)
	at java.lang.Thread.run(Thread.java:745)
14:04:01 ERROR : Zero sized response read from XMD. This indicates a communication error or a programming error.
14:04:48 ERROR : Unexpected error while issuing command {"command": "xdisconnect 64"} to XMD: java.net.SocketException: Connection reset by peer: socket write error
14:04:48 ERROR : Disconnect target failed.
14:04:48 ERROR : Unable to disconnect from existing targets
java.lang.RuntimeException: 
	at com.xilinx.sdk.targetmanager.internal.TM.disconnectTarget(TM.java:329)
	at com.xilinx.sdk.targetmanager.internal.TM.disconnectExistingTargets(TM.java:308)
	at com.xilinx.sdk.targetmanager.internal.TM.terminate(TM.java:212)
	at com.xilinx.sdk.targetmanager.TMPlugin.stop(TMPlugin.java:58)
	at org.eclipse.osgi.internal.framework.BundleContextImpl$4.run(BundleContextImpl.java:827)
	at org.eclipse.osgi.internal.framework.BundleContextImpl$4.run(BundleContextImpl.java:1)
	at java.security.AccessController.doPrivileged(Native Method)
	at org.eclipse.osgi.internal.framework.BundleContextImpl.stop(BundleContextImpl.java:820)
	at org.eclipse.osgi.internal.framework.EquinoxBundle.stopWorker0(EquinoxBundle.java:955)
	at org.eclipse.osgi.internal.framework.EquinoxBundle$EquinoxModule.stopWorker(EquinoxBundle.java:323)
	at org.eclipse.osgi.container.Module.doStop(Module.java:626)
	at org.eclipse.osgi.container.Module.stop(Module.java:488)
	at org.eclipse.osgi.container.ModuleContainer$ContainerStartLevel.decStartLevel(ModuleContainer.java:1623)
	at org.eclipse.osgi.container.ModuleContainer$ContainerStartLevel.doContainerStartLevel(ModuleContainer.java:1542)
	at org.eclipse.osgi.container.SystemModule.stopWorker(SystemModule.java:248)
	at org.eclipse.osgi.internal.framework.EquinoxBundle$SystemBundle$EquinoxSystemModule.stopWorker(EquinoxBundle.java:144)
	at org.eclipse.osgi.container.Module.doStop(Module.java:626)
	at org.eclipse.osgi.container.Module.stop(Module.java:488)
	at org.eclipse.osgi.container.SystemModule.stop(SystemModule.java:186)
	at org.eclipse.osgi.internal.framework.EquinoxBundle$SystemBundle$EquinoxSystemModule$1.run(EquinoxBundle.java:159)
	at java.lang.Thread.run(Thread.java:745)
14:05:00 INFO  : Launching XSCT server: xsct.bat -interactive C:\Users\shlab_89\lab1\lab1.sdk\temp_xsdb_launch_script.tcl
14:05:01 INFO  : XSCT server has started successfully.
14:05:04 INFO  : Successfully done setting XSCT server connection channel  
14:05:04 INFO  : Successfully done setting SDK workspace  
14:05:06 INFO  : Registering command handlers for SDK TCF services
14:05:07 INFO  : Processing command line option -hwspec C:/Users/shlab_89/lab1/lab1.sdk/lab1_wrapper.hdf.
14:05:07 INFO  : Checking for hwspec changes in the project lab1_wrapper_hw_platform_0.
14:05:22 INFO  : Connected to target on host '127.0.0.1' and port '3121'.
14:05:25 INFO  : 'targets -set -filter {jtag_cable_name =~ "Digilent Zed 210248774728" && level==0} -index 1' command is executed.
14:05:27 INFO  : FPGA configured successfully with bitstream "C:/Users/shlab_89/lab1/lab1.sdk/lab1_wrapper_hw_platform_0/lab1_wrapper.bit"
14:05:51 INFO  : Processor reset is completed for ps7_cortexa9_0
14:07:01 INFO  : ps7_cortexa9_0 Processor is in use. Please stop existing Run or Debug sessions before launching.
14:07:04 ERROR : Unexpected error while launching program.
java.lang.RuntimeException: Unknown Error Occured
    Target '64' Does NOT exist in the Current System


	at com.xilinx.sdk.targetmanager.internal.TM.doProcessorReset(TM.java:1011)
	at com.xilinx.sdk.debug.core.XilinxAppLaunchConfigurationDelegate.runTargetSetup(XilinxAppLaunchConfigurationDelegate.java:534)
	at com.xilinx.sdk.debug.core.XilinxAppLaunchConfigurationDelegate.runApplication(XilinxAppLaunchConfigurationDelegate.java:616)
	at com.xilinx.sdk.debug.core.XilinxAppLaunchConfigurationDelegate.launch(XilinxAppLaunchConfigurationDelegate.java:309)
	at com.xilinx.sdk.debug.ui.XilinxAppLaunchDelegateWrapper.launch(XilinxAppLaunchDelegateWrapper.java:31)
	at org.eclipse.debug.internal.core.LaunchConfiguration.launch(LaunchConfiguration.java:885)
	at org.eclipse.debug.internal.core.LaunchConfiguration.launch(LaunchConfiguration.java:739)
	at org.eclipse.debug.internal.ui.DebugUIPlugin.buildAndLaunch(DebugUIPlugin.java:1039)
	at org.eclipse.debug.internal.ui.DebugUIPlugin$8.run(DebugUIPlugin.java:1256)
	at org.eclipse.core.internal.jobs.Worker.run(Worker.java:55)
14:07:39 INFO  : Processor reset is completed for ps7_cortexa9_0
14:08:59 INFO  : ps7_cortexa9_0 Processor is in use. Please stop existing Run or Debug sessions before launching.
14:09:01 ERROR : Unexpected error while launching program.
java.lang.RuntimeException: Error while running ps7_init method.
No Target with ID 64 in the System


	at com.xilinx.sdk.targetmanager.internal.TM.run_ps7_init(TM.java:1089)
	at com.xilinx.sdk.debug.core.XilinxAppLaunchConfigurationDelegate.runTargetSetup(XilinxAppLaunchConfigurationDelegate.java:514)
	at com.xilinx.sdk.debug.core.XilinxAppLaunchConfigurationDelegate.runApplication(XilinxAppLaunchConfigurationDelegate.java:616)
	at com.xilinx.sdk.debug.core.XilinxAppLaunchConfigurationDelegate.launch(XilinxAppLaunchConfigurationDelegate.java:309)
	at com.xilinx.sdk.debug.ui.XilinxAppLaunchDelegateWrapper.launch(XilinxAppLaunchDelegateWrapper.java:31)
	at org.eclipse.debug.internal.core.LaunchConfiguration.launch(LaunchConfiguration.java:885)
	at org.eclipse.debug.internal.core.LaunchConfiguration.launch(LaunchConfiguration.java:739)
	at org.eclipse.debug.internal.ui.DebugUIPlugin.buildAndLaunch(DebugUIPlugin.java:1039)
	at org.eclipse.debug.internal.ui.DebugUIPlugin$8.run(DebugUIPlugin.java:1256)
	at org.eclipse.core.internal.jobs.Worker.run(Worker.java:55)
14:09:21 INFO  : Processor reset is completed for ps7_cortexa9_0
14:11:58 INFO  : Connected to target on host '127.0.0.1' and port '3121'.
14:11:58 INFO  : 'targets -set -filter {jtag_cable_name =~ "Digilent Zed 210248774728" && level==0} -index 1' command is executed.
14:12:00 INFO  : FPGA configured successfully with bitstream "C:/Users/shlab_89/lab1/lab1.sdk/lab1_wrapper_hw_platform_0/lab1_wrapper.bit"
14:12:16 INFO  : ps7_init is completed.
14:12:16 INFO  : ps7_post_config is completed.
14:12:17 INFO  : Processor reset is completed for ps7_cortexa9_0
14:13:36 INFO  : Profiling results stored at C:\Users\shlab_89\lab1\lab1.sdk\find_motion\Debug/gmon.out.
14:24:03 INFO  : Processor reset is completed for ps7_cortexa9_0
14:24:19 INFO  : Profiling results stored at C:\Users\shlab_89\lab1\lab1.sdk\find_motion\Release/gmon.out.
14:25:16 INFO  : Processor reset is completed for ps7_cortexa9_0
14:25:16 ERROR : Binary has been compiled for profiling. 
However certain parameters required for profiling have not been set in the launch configuration.
Please modify your launch configuration before running this program.
14:25:16 ERROR : Unexpected error while launching program.
java.lang.RuntimeException: Please provide profiling parameters in the Run configuration (ELF has mcount function, but profiling not enabled in the Run configuration).
	at com.xilinx.sdk.debug.core.internal.AppRunner.run(AppRunner.java:123)
	at com.xilinx.sdk.debug.core.XilinxAppLaunchConfigurationDelegate.runApplication(XilinxAppLaunchConfigurationDelegate.java:637)
	at com.xilinx.sdk.debug.core.XilinxAppLaunchConfigurationDelegate.launch(XilinxAppLaunchConfigurationDelegate.java:309)
	at com.xilinx.sdk.debug.ui.XilinxAppLaunchDelegateWrapper.launch(XilinxAppLaunchDelegateWrapper.java:31)
	at org.eclipse.debug.internal.core.LaunchConfiguration.launch(LaunchConfiguration.java:885)
	at org.eclipse.debug.internal.core.LaunchConfiguration.launch(LaunchConfiguration.java:739)
	at org.eclipse.debug.internal.ui.DebugUIPlugin.buildAndLaunch(DebugUIPlugin.java:1039)
	at org.eclipse.debug.internal.ui.DebugUIPlugin$8.run(DebugUIPlugin.java:1256)
	at org.eclipse.core.internal.jobs.Worker.run(Worker.java:55)
14:27:39 INFO  : Processor reset is completed for ps7_cortexa9_0
14:27:41 ERROR : Port COM14 is already in use.
14:29:00 INFO  : Profiling results stored at C:\Users\shlab_89\lab1\lab1.sdk\find_motion\Debug/gmon.out.
14:30:23 INFO  : Processor reset is completed for ps7_cortexa9_0
14:30:25 ERROR : Port COM14 is already in use.
14:30:42 INFO  : Profiling results stored at C:\Users\shlab_89\lab1\lab1.sdk\find_motion\Release/gmon.out.
15:14:32 ERROR : Unexpected error while parsing XMD response ?: com.google.gson.JsonSyntaxException: com.google.gson.stream.MalformedJsonException: invalid number or unquoted string near 
